<?xml version="1.0" encoding="UTF-8"?>
<testsuite xmlns:xsi="http://www.w3.org/2001/XMLSchema-instance" xsi:noNamespaceSchemaLocation="https://maven.apache.org/surefire/maven-surefire-plugin/xsd/surefire-test-report-3.0.xsd" version="3.0" name="com.example.inventory.service.WebScrapingServiceTest" time="5.207" tests="2" errors="0" skipped="0" failures="0">
  <properties>
[...]
</properties>
  <testcase name="scrapeSauceDemoInventoryToJson_createsJsonFileWithItems" classname="com.example.inventory.service.WebScrapingServiceTest" time="3.06">
    <system-out><![CDATA[2025-08-22T17:32:24.359+05:30  INFO 98991 --- [           main] t.c.s.AnnotationConfigContextLoaderUtils : Could not detect default configuration classes for test class [com.example.inventory.service.WebScrapingServiceTest]: WebScrapingServiceTest does not declare any static, non-private, non-final, nested classes annotated with @Configuration.
2025-08-22T17:32:24.371+05:30  INFO 98991 --- [           main] .b.t.c.SpringBootTestContextBootstrapper : Found @SpringBootConfiguration com.example.inventory.InventorySystemApplication for test class com.example.inventory.service.WebScrapingServiceTest

  .   ____          _            __ _ _
 /\\ / ___'_ __ _ _(_)_ __  __ _ \ \ \ \
( ( )\___ | '_ | '_| | '_ \/ _` | \ \ \ \
 \\/  ___)| |_)| | | | | || (_| |  ) ) ) )
  '  |____| .__|_| |_|_| |_\__, | / / / /
 =========|_|==============|___/=/_/_/_/
 :: Spring Boot ::                (v3.2.6)

2025-08-22T17:32:24.392+05:30  INFO 98991 --- [           main] c.e.i.service.WebScrapingServiceTest     : Starting WebScrapingServiceTest using Java 21.0.8 with PID 98991 (started by sonaskar in /Users/sonaskar/Documents/inventory_system/inventory-system)
2025-08-22T17:32:24.392+05:30  INFO 98991 --- [           main] c.e.i.service.WebScrapingServiceTest     : No active profile set, falling back to 1 default profile: "default"
2025-08-22T17:32:24.483+05:30  INFO 98991 --- [           main] .s.d.r.c.RepositoryConfigurationDelegate : Bootstrapping Spring Data JPA repositories in DEFAULT mode.
2025-08-22T17:32:24.490+05:30  INFO 98991 --- [           main] .s.d.r.c.RepositoryConfigurationDelegate : Finished Spring Data repository scanning in 6 ms. Found 3 JPA repository interfaces.
2025-08-22T17:32:24.550+05:30  INFO 98991 --- [           main] com.zaxxer.hikari.HikariDataSource       : HikariPool-2 - Starting...
2025-08-22T17:32:24.552+05:30  INFO 98991 --- [           main] com.zaxxer.hikari.pool.HikariPool        : HikariPool-2 - Added connection conn10: url=jdbc:h2:mem:3a4a8527-a028-4b3e-949d-f0d4acc8658f user=SA
2025-08-22T17:32:24.552+05:30  INFO 98991 --- [           main] com.zaxxer.hikari.HikariDataSource       : HikariPool-2 - Start completed.
2025-08-22T17:32:24.553+05:30  INFO 98991 --- [           main] o.hibernate.jpa.internal.util.LogHelper  : HHH000204: Processing PersistenceUnitInfo [name: default]
2025-08-22T17:32:24.555+05:30  INFO 98991 --- [           main] o.h.c.internal.RegionFactoryInitiator    : HHH000026: Second-level cache disabled
2025-08-22T17:32:24.559+05:30  INFO 98991 --- [           main] o.s.o.j.p.SpringPersistenceUnitInfo      : No LoadTimeWeaver setup: ignoring JPA class transformer
2025-08-22T17:32:24.592+05:30  INFO 98991 --- [           main] o.h.e.t.j.p.i.JtaPlatformInitiator       : HHH000489: No JTA platform available (set 'hibernate.transaction.jta.platform' to enable JTA platform integration)
2025-08-22T17:32:24.596+05:30  INFO 98991 --- [           main] j.LocalContainerEntityManagerFactoryBean : Initialized JPA EntityManagerFactory for persistence unit 'default'
2025-08-22T17:32:24.671+05:30  WARN 98991 --- [           main] JpaBaseConfiguration$JpaWebConfiguration : spring.jpa.open-in-view is enabled by default. Therefore, database queries may be performed during view rendering. Explicitly configure spring.jpa.open-in-view to disable this warning
2025-08-22T17:32:24.675+05:30  INFO 98991 --- [           main] o.s.b.a.w.s.WelcomePageHandlerMapping    : Adding welcome page: class path resource [static/index.html]
2025-08-22T17:32:24.745+05:30  INFO 98991 --- [           main] o.a.k.clients.consumer.ConsumerConfig    : ConsumerConfig values: 
	allow.auto.create.topics = true
	auto.commit.interval.ms = 5000
	auto.include.jmx.reporter = true
	auto.offset.reset = latest
	bootstrap.servers = [localhost:9092]
	check.crcs = true
	client.dns.lookup = use_all_dns_ips
	client.id = consumer-inventory-group-3
	client.rack = 
	connections.max.idle.ms = 540000
	default.api.timeout.ms = 60000
	enable.auto.commit = false
	exclude.internal.topics = true
	fetch.max.bytes = 52428800
	fetch.max.wait.ms = 500
	fetch.min.bytes = 1
	group.id = inventory-group
	group.instance.id = null
	heartbeat.interval.ms = 3000
	interceptor.classes = []
	internal.leave.group.on.close = true
	internal.throw.on.fetch.stable.offset.unsupported = false
	isolation.level = read_uncommitted
	key.deserializer = class org.apache.kafka.common.serialization.StringDeserializer
	max.partition.fetch.bytes = 1048576
	max.poll.interval.ms = 300000
	max.poll.records = 500
	metadata.max.age.ms = 300000
	metric.reporters = []
	metrics.num.samples = 2
	metrics.recording.level = INFO
	metrics.sample.window.ms = 30000
	partition.assignment.strategy = [class org.apache.kafka.clients.consumer.RangeAssignor, class org.apache.kafka.clients.consumer.CooperativeStickyAssignor]
	receive.buffer.bytes = 65536
	reconnect.backoff.max.ms = 1000
	reconnect.backoff.ms = 50
	request.timeout.ms = 30000
	retry.backoff.ms = 100
	sasl.client.callback.handler.class = null
	sasl.jaas.config = null
	sasl.kerberos.kinit.cmd = /usr/bin/kinit
	sasl.kerberos.min.time.before.relogin = 60000
	sasl.kerberos.service.name = null
	sasl.kerberos.ticket.renew.jitter = 0.05
	sasl.kerberos.ticket.renew.window.factor = 0.8
	sasl.login.callback.handler.class = null
	sasl.login.class = null
	sasl.login.connect.timeout.ms = null
	sasl.login.read.timeout.ms = null
	sasl.login.refresh.buffer.seconds = 300
	sasl.login.refresh.min.period.seconds = 60
	sasl.login.refresh.window.factor = 0.8
	sasl.login.refresh.window.jitter = 0.05
	sasl.login.retry.backoff.max.ms = 10000
	sasl.login.retry.backoff.ms = 100
	sasl.mechanism = GSSAPI
	sasl.oauthbearer.clock.skew.seconds = 30
	sasl.oauthbearer.expected.audience = null
	sasl.oauthbearer.expected.issuer = null
	sasl.oauthbearer.jwks.endpoint.refresh.ms = 3600000
	sasl.oauthbearer.jwks.endpoint.retry.backoff.max.ms = 10000
	sasl.oauthbearer.jwks.endpoint.retry.backoff.ms = 100
	sasl.oauthbearer.jwks.endpoint.url = null
	sasl.oauthbearer.scope.claim.name = scope
	sasl.oauthbearer.sub.claim.name = sub
	sasl.oauthbearer.token.endpoint.url = null
	security.protocol = PLAINTEXT
	security.providers = null
	send.buffer.bytes = 131072
	session.timeout.ms = 45000
	socket.connection.setup.timeout.max.ms = 30000
	socket.connection.setup.timeout.ms = 10000
	ssl.cipher.suites = null
	ssl.enabled.protocols = [TLSv1.2, TLSv1.3]
	ssl.endpoint.identification.algorithm = https
	ssl.engine.factory.class = null
	ssl.key.password = null
	ssl.keymanager.algorithm = SunX509
	ssl.keystore.certificate.chain = null
	ssl.keystore.key = null
	ssl.keystore.location = null
	ssl.keystore.password = null
	ssl.keystore.type = JKS
	ssl.protocol = TLSv1.3
	ssl.provider = null
	ssl.secure.random.implementation = null
	ssl.trustmanager.algorithm = PKIX
	ssl.truststore.certificates = null
	ssl.truststore.location = null
	ssl.truststore.password = null
	ssl.truststore.type = JKS
	value.deserializer = class org.springframework.kafka.support.serializer.JsonDeserializer

2025-08-22T17:32:24.748+05:30  INFO 98991 --- [           main] o.a.k.clients.consumer.ConsumerConfig    : These configurations '[spring.json.trusted.packages]' were supplied but are not used yet.
2025-08-22T17:32:24.748+05:30  INFO 98991 --- [           main] o.a.kafka.common.utils.AppInfoParser     : Kafka version: 3.6.2
2025-08-22T17:32:24.748+05:30  INFO 98991 --- [           main] o.a.kafka.common.utils.AppInfoParser     : Kafka commitId: c4deed513057c94e
2025-08-22T17:32:24.748+05:30  INFO 98991 --- [           main] o.a.kafka.common.utils.AppInfoParser     : Kafka startTimeMs: 1755864144748
2025-08-22T17:32:24.748+05:30  INFO 98991 --- [           main] fkaConsumerFactory$ExtendedKafkaConsumer : [Consumer clientId=consumer-inventory-group-3, groupId=inventory-group] Subscribed to topic(s): order-events
2025-08-22T17:32:24.749+05:30  INFO 98991 --- [           main] o.a.k.clients.consumer.ConsumerConfig    : ConsumerConfig values: 
	allow.auto.create.topics = true
	auto.commit.interval.ms = 5000
	auto.include.jmx.reporter = true
	auto.offset.reset = latest
	bootstrap.servers = [localhost:9092]
	check.crcs = true
	client.dns.lookup = use_all_dns_ips
	client.id = consumer-delivery-agent-group-4
	client.rack = 
	connections.max.idle.ms = 540000
	default.api.timeout.ms = 60000
	enable.auto.commit = false
	exclude.internal.topics = true
	fetch.max.bytes = 52428800
	fetch.max.wait.ms = 500
	fetch.min.bytes = 1
	group.id = delivery-agent-group
	group.instance.id = null
	heartbeat.interval.ms = 3000
	interceptor.classes = []
	internal.leave.group.on.close = true
	internal.throw.on.fetch.stable.offset.unsupported = false
	isolation.level = read_uncommitted
	key.deserializer = class org.apache.kafka.common.serialization.StringDeserializer
	max.partition.fetch.bytes = 1048576
	max.poll.interval.ms = 300000
	max.poll.records = 500
	metadata.max.age.ms = 300000
	metric.reporters = []
	metrics.num.samples = 2
	metrics.recording.level = INFO
	metrics.sample.window.ms = 30000
	partition.assignment.strategy = [class org.apache.kafka.clients.consumer.RangeAssignor, class org.apache.kafka.clients.consumer.CooperativeStickyAssignor]
	receive.buffer.bytes = 65536
	reconnect.backoff.max.ms = 1000
	reconnect.backoff.ms = 50
	request.timeout.ms = 30000
	retry.backoff.ms = 100
	sasl.client.callback.handler.class = null
	sasl.jaas.config = null
	sasl.kerberos.kinit.cmd = /usr/bin/kinit
	sasl.kerberos.min.time.before.relogin = 60000
	sasl.kerberos.service.name = null
	sasl.kerberos.ticket.renew.jitter = 0.05
	sasl.kerberos.ticket.renew.window.factor = 0.8
	sasl.login.callback.handler.class = null
	sasl.login.class = null
	sasl.login.connect.timeout.ms = null
	sasl.login.read.timeout.ms = null
	sasl.login.refresh.buffer.seconds = 300
	sasl.login.refresh.min.period.seconds = 60
	sasl.login.refresh.window.factor = 0.8
	sasl.login.refresh.window.jitter = 0.05
	sasl.login.retry.backoff.max.ms = 10000
	sasl.login.retry.backoff.ms = 100
	sasl.mechanism = GSSAPI
	sasl.oauthbearer.clock.skew.seconds = 30
	sasl.oauthbearer.expected.audience = null
	sasl.oauthbearer.expected.issuer = null
	sasl.oauthbearer.jwks.endpoint.refresh.ms = 3600000
	sasl.oauthbearer.jwks.endpoint.retry.backoff.max.ms = 10000
	sasl.oauthbearer.jwks.endpoint.retry.backoff.ms = 100
	sasl.oauthbearer.jwks.endpoint.url = null
	sasl.oauthbearer.scope.claim.name = scope
	sasl.oauthbearer.sub.claim.name = sub
	sasl.oauthbearer.token.endpoint.url = null
	security.protocol = PLAINTEXT
	security.providers = null
	send.buffer.bytes = 131072
	session.timeout.ms = 45000
	socket.connection.setup.timeout.max.ms = 30000
	socket.connection.setup.timeout.ms = 10000
	ssl.cipher.suites = null
	ssl.enabled.protocols = [TLSv1.2, TLSv1.3]
	ssl.endpoint.identification.algorithm = https
	ssl.engine.factory.class = null
	ssl.key.password = null
	ssl.keymanager.algorithm = SunX509
	ssl.keystore.certificate.chain = null
	ssl.keystore.key = null
	ssl.keystore.location = null
	ssl.keystore.password = null
	ssl.keystore.type = JKS
	ssl.protocol = TLSv1.3
	ssl.provider = null
	ssl.secure.random.implementation = null
	ssl.trustmanager.algorithm = PKIX
	ssl.truststore.certificates = null
	ssl.truststore.location = null
	ssl.truststore.password = null
	ssl.truststore.type = JKS
	value.deserializer = class org.springframework.kafka.support.serializer.JsonDeserializer

2025-08-22T17:32:24.751+05:30  INFO 98991 --- [           main] o.a.k.clients.consumer.ConsumerConfig    : These configurations '[spring.json.trusted.packages]' were supplied but are not used yet.
2025-08-22T17:32:24.751+05:30  INFO 98991 --- [           main] o.a.kafka.common.utils.AppInfoParser     : Kafka version: 3.6.2
2025-08-22T17:32:24.751+05:30  INFO 98991 --- [           main] o.a.kafka.common.utils.AppInfoParser     : Kafka commitId: c4deed513057c94e
2025-08-22T17:32:24.751+05:30  INFO 98991 --- [           main] o.a.kafka.common.utils.AppInfoParser     : Kafka startTimeMs: 1755864144751
2025-08-22T17:32:24.751+05:30  INFO 98991 --- [           main] fkaConsumerFactory$ExtendedKafkaConsumer : [Consumer clientId=consumer-delivery-agent-group-4, groupId=delivery-agent-group] Subscribed to topic(s): order-events
2025-08-22T17:32:24.752+05:30  INFO 98991 --- [ntainer#0-0-C-1] org.apache.kafka.clients.Metadata        : [Consumer clientId=consumer-inventory-group-3, groupId=inventory-group] Cluster ID: ix8tzgXqQkGx1vfs0CuWgA
2025-08-22T17:32:24.753+05:30  INFO 98991 --- [ntainer#0-0-C-1] o.a.k.c.c.internals.ConsumerCoordinator  : [Consumer clientId=consumer-inventory-group-3, groupId=inventory-group] Discovered group coordinator dhcp-10-120-178-139.wifi.oracle.com:9092 (id: 2147483647 rack: null)
2025-08-22T17:32:24.753+05:30  INFO 98991 --- [ntainer#0-0-C-1] o.a.k.c.c.internals.ConsumerCoordinator  : [Consumer clientId=consumer-inventory-group-3, groupId=inventory-group] (Re-)joining group
2025-08-22T17:32:24.754+05:30  INFO 98991 --- [ntainer#1-0-C-1] org.apache.kafka.clients.Metadata        : [Consumer clientId=consumer-delivery-agent-group-4, groupId=delivery-agent-group] Cluster ID: ix8tzgXqQkGx1vfs0CuWgA
2025-08-22T17:32:24.754+05:30  INFO 98991 --- [           main] c.e.i.service.WebScrapingServiceTest     : Started WebScrapingServiceTest in 0.38 seconds (process running for 3.179)
2025-08-22T17:32:24.755+05:30  INFO 98991 --- [ntainer#1-0-C-1] o.a.k.c.c.internals.ConsumerCoordinator  : [Consumer clientId=consumer-delivery-agent-group-4, groupId=delivery-agent-group] Discovered group coordinator dhcp-10-120-178-139.wifi.oracle.com:9092 (id: 2147483647 rack: null)
2025-08-22T17:32:24.755+05:30  INFO 98991 --- [ntainer#1-0-C-1] o.a.k.c.c.internals.ConsumerCoordinator  : [Consumer clientId=consumer-delivery-agent-group-4, groupId=delivery-agent-group] (Re-)joining group
2025-08-22T17:32:24.762+05:30  INFO 98991 --- [ntainer#0-0-C-1] o.a.k.c.c.internals.ConsumerCoordinator  : [Consumer clientId=consumer-inventory-group-3, groupId=inventory-group] Request joining group due to: need to re-join with the given member-id: consumer-inventory-group-3-52782c78-8e22-43d1-97dc-34b886d3ad1f
2025-08-22T17:32:24.762+05:30  INFO 98991 --- [ntainer#0-0-C-1] o.a.k.c.c.internals.ConsumerCoordinator  : [Consumer clientId=consumer-inventory-group-3, groupId=inventory-group] Request joining group due to: rebalance failed due to 'The group member needs to have a valid member id before actually entering a consumer group.' (MemberIdRequiredException)
2025-08-22T17:32:24.762+05:30  INFO 98991 --- [ntainer#0-0-C-1] o.a.k.c.c.internals.ConsumerCoordinator  : [Consumer clientId=consumer-inventory-group-3, groupId=inventory-group] (Re-)joining group
2025-08-22T17:32:24.762+05:30  INFO 98991 --- [ntainer#1-0-C-1] o.a.k.c.c.internals.ConsumerCoordinator  : [Consumer clientId=consumer-delivery-agent-group-4, groupId=delivery-agent-group] Request joining group due to: need to re-join with the given member-id: consumer-delivery-agent-group-4-d80c8df3-a98f-4bb2-9af0-6fe0f438748b
2025-08-22T17:32:24.763+05:30  INFO 98991 --- [ntainer#1-0-C-1] o.a.k.c.c.internals.ConsumerCoordinator  : [Consumer clientId=consumer-delivery-agent-group-4, groupId=delivery-agent-group] Request joining group due to: rebalance failed due to 'The group member needs to have a valid member id before actually entering a consumer group.' (MemberIdRequiredException)
2025-08-22T17:32:24.763+05:30  INFO 98991 --- [ntainer#1-0-C-1] o.a.k.c.c.internals.ConsumerCoordinator  : [Consumer clientId=consumer-delivery-agent-group-4, groupId=delivery-agent-group] (Re-)joining group
2025-08-22T17:32:25.683+05:30  INFO 98991 --- [           main] i.g.bonigarcia.wdm.WebDriverManager      : Using chromedriver 139.0.7258.138 (resolved driver for Chrome 139)
2025-08-22T17:32:25.697+05:30  INFO 98991 --- [           main] i.g.bonigarcia.wdm.WebDriverManager      : Exporting webdriver.chrome.driver as /Users/sonaskar/.cache/selenium/chromedriver/mac-arm64/139.0.7258.138/chromedriver
2025-08-22T17:32:26.445+05:30  WARN 98991 --- [           main] o.o.selenium.devtools.CdpVersionFinder   : Unable to find CDP implementation matching 139
2025-08-22T17:32:26.445+05:30  WARN 98991 --- [           main] o.o.selenium.chromium.ChromiumDriver     : Unable to find version of CDP to use for 139.0.7258.139. You may need to include a dependency on a specific version of the CDP using something similar to `org.seleniumhq.selenium:selenium-devtools-v86:4.14.1` where the version ("v86") matches the version of the chromium-based browser you're using and the version number of the artifact is the same as Selenium's.
2025-08-22T17:32:26.756+05:30  INFO 98991 --- [ntainer#0-0-C-1] o.a.k.c.c.internals.ConsumerCoordinator  : [Consumer clientId=consumer-inventory-group-1, groupId=inventory-group] Request joining group due to: group is already rebalancing
2025-08-22T17:32:26.756+05:30  INFO 98991 --- [ntainer#1-0-C-1] o.a.k.c.c.internals.ConsumerCoordinator  : [Consumer clientId=consumer-delivery-agent-group-2, groupId=delivery-agent-group] Request joining group due to: group is already rebalancing
2025-08-22T17:32:26.756+05:30  INFO 98991 --- [ntainer#0-0-C-1] o.a.k.c.c.internals.ConsumerCoordinator  : [Consumer clientId=consumer-inventory-group-1, groupId=inventory-group] Revoke previously assigned partitions order-events-0
2025-08-22T17:32:26.756+05:30  INFO 98991 --- [ntainer#1-0-C-1] o.a.k.c.c.internals.ConsumerCoordinator  : [Consumer clientId=consumer-delivery-agent-group-2, groupId=delivery-agent-group] Revoke previously assigned partitions order-events-0
2025-08-22T17:32:26.757+05:30  INFO 98991 --- [ntainer#1-0-C-1] o.s.k.l.KafkaMessageListenerContainer    : delivery-agent-group: partitions revoked: [order-events-0]
2025-08-22T17:32:26.757+05:30  INFO 98991 --- [ntainer#0-0-C-1] o.s.k.l.KafkaMessageListenerContainer    : inventory-group: partitions revoked: [order-events-0]
2025-08-22T17:32:26.757+05:30  INFO 98991 --- [ntainer#0-0-C-1] o.a.k.c.c.internals.ConsumerCoordinator  : [Consumer clientId=consumer-inventory-group-1, groupId=inventory-group] (Re-)joining group
2025-08-22T17:32:26.757+05:30  INFO 98991 --- [ntainer#1-0-C-1] o.a.k.c.c.internals.ConsumerCoordinator  : [Consumer clientId=consumer-delivery-agent-group-2, groupId=delivery-agent-group] (Re-)joining group
2025-08-22T17:32:26.759+05:30  INFO 98991 --- [ntainer#0-0-C-1] o.a.k.c.c.internals.ConsumerCoordinator  : [Consumer clientId=consumer-inventory-group-3, groupId=inventory-group] Successfully joined group with generation Generation{generationId=14, memberId='consumer-inventory-group-3-52782c78-8e22-43d1-97dc-34b886d3ad1f', protocol='range'}
2025-08-22T17:32:26.759+05:30  INFO 98991 --- [ntainer#1-0-C-1] o.a.k.c.c.internals.ConsumerCoordinator  : [Consumer clientId=consumer-delivery-agent-group-4, groupId=delivery-agent-group] Successfully joined group with generation Generation{generationId=12, memberId='consumer-delivery-agent-group-4-d80c8df3-a98f-4bb2-9af0-6fe0f438748b', protocol='range'}
2025-08-22T17:32:26.759+05:30  INFO 98991 --- [ntainer#0-0-C-1] o.a.k.c.c.internals.ConsumerCoordinator  : [Consumer clientId=consumer-inventory-group-1, groupId=inventory-group] Successfully joined group with generation Generation{generationId=14, memberId='consumer-inventory-group-1-66c548d0-0839-484a-a5e9-8c8f778d021b', protocol='range'}
2025-08-22T17:32:26.759+05:30  INFO 98991 --- [ntainer#1-0-C-1] o.a.k.c.c.internals.ConsumerCoordinator  : [Consumer clientId=consumer-delivery-agent-group-2, groupId=delivery-agent-group] Successfully joined group with generation Generation{generationId=12, memberId='consumer-delivery-agent-group-2-58b4e9b7-2fa1-493e-a7ee-78a7064e909b', protocol='range'}
2025-08-22T17:32:26.760+05:30  INFO 98991 --- [ntainer#0-0-C-1] o.a.k.c.c.internals.ConsumerCoordinator  : [Consumer clientId=consumer-inventory-group-1, groupId=inventory-group] Finished assignment for group at generation 14: {consumer-inventory-group-1-66c548d0-0839-484a-a5e9-8c8f778d021b=Assignment(partitions=[order-events-0]), consumer-inventory-group-3-52782c78-8e22-43d1-97dc-34b886d3ad1f=Assignment(partitions=[])}
2025-08-22T17:32:26.760+05:30  INFO 98991 --- [ntainer#1-0-C-1] o.a.k.c.c.internals.ConsumerCoordinator  : [Consumer clientId=consumer-delivery-agent-group-2, groupId=delivery-agent-group] Finished assignment for group at generation 12: {consumer-delivery-agent-group-2-58b4e9b7-2fa1-493e-a7ee-78a7064e909b=Assignment(partitions=[order-events-0]), consumer-delivery-agent-group-4-d80c8df3-a98f-4bb2-9af0-6fe0f438748b=Assignment(partitions=[])}
2025-08-22T17:32:26.761+05:30  INFO 98991 --- [ntainer#0-0-C-1] o.a.k.c.c.internals.ConsumerCoordinator  : [Consumer clientId=consumer-inventory-group-1, groupId=inventory-group] Successfully synced group in generation Generation{generationId=14, memberId='consumer-inventory-group-1-66c548d0-0839-484a-a5e9-8c8f778d021b', protocol='range'}
2025-08-22T17:32:26.761+05:30  INFO 98991 --- [ntainer#1-0-C-1] o.a.k.c.c.internals.ConsumerCoordinator  : [Consumer clientId=consumer-delivery-agent-group-4, groupId=delivery-agent-group] Successfully synced group in generation Generation{generationId=12, memberId='consumer-delivery-agent-group-4-d80c8df3-a98f-4bb2-9af0-6fe0f438748b', protocol='range'}
2025-08-22T17:32:26.761+05:30  INFO 98991 --- [ntainer#1-0-C-1] o.a.k.c.c.internals.ConsumerCoordinator  : [Consumer clientId=consumer-delivery-agent-group-2, groupId=delivery-agent-group] Successfully synced group in generation Generation{generationId=12, memberId='consumer-delivery-agent-group-2-58b4e9b7-2fa1-493e-a7ee-78a7064e909b', protocol='range'}
2025-08-22T17:32:26.761+05:30  INFO 98991 --- [ntainer#0-0-C-1] o.a.k.c.c.internals.ConsumerCoordinator  : [Consumer clientId=consumer-inventory-group-3, groupId=inventory-group] Successfully synced group in generation Generation{generationId=14, memberId='consumer-inventory-group-3-52782c78-8e22-43d1-97dc-34b886d3ad1f', protocol='range'}
2025-08-22T17:32:26.762+05:30  INFO 98991 --- [ntainer#0-0-C-1] o.a.k.c.c.internals.ConsumerCoordinator  : [Consumer clientId=consumer-inventory-group-1, groupId=inventory-group] Notifying assignor about the new Assignment(partitions=[order-events-0])
2025-08-22T17:32:26.762+05:30  INFO 98991 --- [ntainer#1-0-C-1] o.a.k.c.c.internals.ConsumerCoordinator  : [Consumer clientId=consumer-delivery-agent-group-4, groupId=delivery-agent-group] Notifying assignor about the new Assignment(partitions=[])
2025-08-22T17:32:26.762+05:30  INFO 98991 --- [ntainer#1-0-C-1] o.a.k.c.c.internals.ConsumerCoordinator  : [Consumer clientId=consumer-delivery-agent-group-2, groupId=delivery-agent-group] Notifying assignor about the new Assignment(partitions=[order-events-0])
2025-08-22T17:32:26.762+05:30  INFO 98991 --- [ntainer#1-0-C-1] o.a.k.c.c.internals.ConsumerCoordinator  : [Consumer clientId=consumer-delivery-agent-group-4, groupId=delivery-agent-group] Adding newly assigned partitions: 
2025-08-22T17:32:26.762+05:30  INFO 98991 --- [ntainer#0-0-C-1] o.a.k.c.c.internals.ConsumerCoordinator  : [Consumer clientId=consumer-inventory-group-1, groupId=inventory-group] Adding newly assigned partitions: order-events-0
2025-08-22T17:32:26.762+05:30  INFO 98991 --- [ntainer#1-0-C-1] o.a.k.c.c.internals.ConsumerCoordinator  : [Consumer clientId=consumer-delivery-agent-group-2, groupId=delivery-agent-group] Adding newly assigned partitions: order-events-0
2025-08-22T17:32:26.762+05:30  INFO 98991 --- [ntainer#0-0-C-1] o.a.k.c.c.internals.ConsumerCoordinator  : [Consumer clientId=consumer-inventory-group-3, groupId=inventory-group] Notifying assignor about the new Assignment(partitions=[])
2025-08-22T17:32:26.762+05:30  INFO 98991 --- [ntainer#1-0-C-1] o.s.k.l.KafkaMessageListenerContainer    : delivery-agent-group: partitions assigned: []
2025-08-22T17:32:26.762+05:30  INFO 98991 --- [ntainer#0-0-C-1] o.a.k.c.c.internals.ConsumerCoordinator  : [Consumer clientId=consumer-inventory-group-3, groupId=inventory-group] Adding newly assigned partitions: 
2025-08-22T17:32:26.762+05:30  INFO 98991 --- [ntainer#0-0-C-1] o.s.k.l.KafkaMessageListenerContainer    : inventory-group: partitions assigned: []
2025-08-22T17:32:26.763+05:30  INFO 98991 --- [ntainer#1-0-C-1] o.a.k.c.c.internals.ConsumerCoordinator  : [Consumer clientId=consumer-delivery-agent-group-2, groupId=delivery-agent-group] Setting offset for partition order-events-0 to the committed offset FetchPosition{offset=16, offsetEpoch=Optional.empty, currentLeader=LeaderAndEpoch{leader=Optional[dhcp-10-120-178-139.wifi.oracle.com:9092 (id: 0 rack: null)], epoch=0}}
2025-08-22T17:32:26.763+05:30  INFO 98991 --- [ntainer#0-0-C-1] o.a.k.c.c.internals.ConsumerCoordinator  : [Consumer clientId=consumer-inventory-group-1, groupId=inventory-group] Setting offset for partition order-events-0 to the committed offset FetchPosition{offset=16, offsetEpoch=Optional.empty, currentLeader=LeaderAndEpoch{leader=Optional[dhcp-10-120-178-139.wifi.oracle.com:9092 (id: 0 rack: null)], epoch=0}}
2025-08-22T17:32:26.763+05:30  INFO 98991 --- [ntainer#0-0-C-1] o.s.k.l.KafkaMessageListenerContainer    : inventory-group: partitions assigned: [order-events-0]
2025-08-22T17:32:26.763+05:30  INFO 98991 --- [ntainer#1-0-C-1] o.s.k.l.KafkaMessageListenerContainer    : delivery-agent-group: partitions assigned: [order-events-0]
]]></system-out>
  </testcase>
  <testcase name="testExtractTitle" classname="com.example.inventory.service.WebScrapingServiceTest" time="1.747">
    <system-out><![CDATA[2025-08-22T17:32:27.820+05:30  INFO 98991 --- [           main] i.g.bonigarcia.wdm.WebDriverManager      : Using chromedriver 139.0.7258.138 (resolved driver for Chrome 139)
2025-08-22T17:32:27.822+05:30  INFO 98991 --- [           main] i.g.bonigarcia.wdm.WebDriverManager      : Exporting webdriver.chrome.driver as /Users/sonaskar/.cache/selenium/chromedriver/mac-arm64/139.0.7258.138/chromedriver
2025-08-22T17:32:28.317+05:30  WARN 98991 --- [           main] o.o.selenium.devtools.CdpVersionFinder   : Unable to find CDP implementation matching 139
2025-08-22T17:32:28.317+05:30  WARN 98991 --- [           main] o.o.selenium.chromium.ChromiumDriver     : Unable to find version of CDP to use for 139.0.7258.139. You may need to include a dependency on a specific version of the CDP using something similar to `org.seleniumhq.selenium:selenium-devtools-v86:4.14.1` where the version ("v86") matches the version of the chromium-based browser you're using and the version number of the artifact is the same as Selenium's.
]]></system-out>
  </testcase>
</testsuite>